<?xml version="1.0" encoding="UTF-8"?>
<!-- Generated by org.testng.reporters.JUnitReportReporter -->
<testsuite hostname="MAVBCP3070" failures="0" tests="2" name="com.picnic.RecorderScript" time="57.294" errors="0" timestamp="2021-09-17T09:07:22 IST" skipped="0">
  <testcase classname="com.picnic.RecorderScript" name="testParameterWithXML" time="26.542"/>
  <system-out/>
  <testcase classname="com.picnic.RecorderScript" name="testParameterWithXML" time="30.752"/>
  <system-out/>
</testsuite> <!-- com.picnic.RecorderScript -->
