<?xml version="1.0" encoding="UTF-8"?>
<!-- Generated by org.testng.reporters.JUnitReportReporter -->
<testsuite hostname="MAVBCP3070" failures="0" tests="2" name="com.picnic.SampleSelinium" time="20.257" errors="0" timestamp="2021-09-14T10:25:14 IST" skipped="0">
  <testcase classname="com.picnic.SampleSelinium" name="TestMethod2" time="9.351"/>
  <system-out/>
  <testcase classname="com.picnic.SampleSelinium" name="TestMethod" time="10.906"/>
  <system-out/>
</testsuite> <!-- com.picnic.SampleSelinium -->
