<?xml version="1.0" encoding="UTF-8"?>
<!-- Generated by org.testng.reporters.JUnitReportReporter -->
<testsuite hostname="MAVBCP3070" failures="0" tests="2" name="com.picnic.CrossBrowserScript" time="39.405" errors="0" timestamp="2021-09-17T09:09:26 IST" skipped="0">
  <testcase classname="com.picnic.CrossBrowserScript" name="testParameterWithXML" time="18.650"/>
  <system-out/>
  <testcase classname="com.picnic.CrossBrowserScript" name="testParameterWithXML" time="20.755"/>
  <system-out/>
</testsuite> <!-- com.picnic.CrossBrowserScript -->
