<?xml version="1.0" encoding="UTF-8"?>
<!-- Generated by org.testng.reporters.JUnitReportReporter -->
<testsuite hostname="MAVBCP3070" failures="0" tests="1" name="com.picnic.VerifyWordpressLogin" time="27.675" errors="0" timestamp="2021-09-15T11:42:27 IST" skipped="0">
  <testcase classname="com.picnic.VerifyWordpressLogin" name="verifyValidLogin" time="27.675"/>
  <system-out/>
</testsuite> <!-- com.picnic.VerifyWordpressLogin -->
