<?xml version="1.0" encoding="UTF-8"?>
<!-- Generated by org.testng.reporters.JUnitReportReporter -->
<testsuite skipped="0" hostname="MAVBCP3070" name="com.picnic.CrossBrowserScript" tests="2" failures="0" timestamp="2021-09-17T09:20:42 IST" time="41.023" errors="0">
  <testcase name="testParameterWithXML" time="20.847" classname="com.picnic.CrossBrowserScript"/>
  <system-out/>
  <testcase name="testParameterWithXML" time="20.176" classname="com.picnic.CrossBrowserScript"/>
  <system-out/>
</testsuite> <!-- com.picnic.CrossBrowserScript -->
